<?xml version="1.0" encoding="UTF-8"?>
<!-- Generated by org.testng.reporters.JUnitReportReporter -->
<testsuite skipped="2" hostname="DESKTOP-U63N6IR" name="testcase.NewTest" tests="3" failures="0" timestamp="2021-07-25T13:19:31 IST" time="18.122" errors="0">
  <testcase name="verifyHomepageTitle" time="18.122" classname="testcase.NewTest"/>
  <system-out/>
  <testcase name="drpdwn" classname="testcase.NewTest">
    <skipped/>
  </testcase> <!-- drpdwn -->
  <system-out/>
  <testcase name="dragdrp" classname="testcase.NewTest">
    <skipped/>
  </testcase> <!-- dragdrp -->
  <system-out/>
</testsuite> <!-- testcase.NewTest -->
